2023-06-20 14:09:11,162:WARNING:
'cuml' is a soft dependency and not included in the pycaret installation. Please run: `pip install cuml` to install.
2023-06-20 14:09:11,162:WARNING:
'cuml' is a soft dependency and not included in the pycaret installation. Please run: `pip install cuml` to install.
2023-06-20 14:09:11,162:WARNING:
'cuml' is a soft dependency and not included in the pycaret installation. Please run: `pip install cuml` to install.
2023-06-20 14:09:11,163:WARNING:
'cuml' is a soft dependency and not included in the pycaret installation. Please run: `pip install cuml` to install.
2023-06-20 14:09:11,838:WARNING:
'prophet' is a soft dependency and not included in the pycaret installation. Please run: `pip install prophet` to install.
2023-06-20 14:09:18,999:INFO:PyCaret ClassificationExperiment
2023-06-20 14:09:18,999:INFO:Logging name: clf-default-name
2023-06-20 14:09:18,999:INFO:ML Usecase: MLUsecase.CLASSIFICATION
2023-06-20 14:09:18,999:INFO:version 3.0.2
2023-06-20 14:09:18,999:INFO:Initializing setup()
2023-06-20 14:09:18,999:INFO:self.USI: 5495
2023-06-20 14:09:19,000:INFO:self._variable_keys: {'fold_groups_param', 'fold_generator', '_ml_usecase', 'pipeline', 'gpu_n_jobs_param', 'is_multiclass', 'y', 'data', 'gpu_param', 'html_param', 'USI', 'log_plots_param', '_available_plots', 'seed', 'y_test', 'fold_shuffle_param', 'X', 'memory', 'exp_name_log', 'X_test', 'target_param', 'fix_imbalance', 'idx', 'exp_id', 'n_jobs_param', 'logging_param', 'y_train', 'X_train'}
2023-06-20 14:09:19,000:INFO:Checking environment
2023-06-20 14:09:19,000:INFO:python_version: 3.10.6
2023-06-20 14:09:19,000:INFO:python_build: ('main', 'May 29 2023 11:10:38')
2023-06-20 14:09:19,000:INFO:machine: x86_64
2023-06-20 14:09:19,000:INFO:platform: Linux-5.15.0-73-generic-x86_64-with-glibc2.35
2023-06-20 14:09:19,000:INFO:Memory: svmem(total=8208834560, available=4809781248, percent=41.4, used=2679697408, free=2531041280, active=1483272192, inactive=3586363392, buffers=89432064, cached=2908663808, shared=397881344, slab=316416000)
2023-06-20 14:09:19,001:INFO:Physical Core: 2
2023-06-20 14:09:19,001:INFO:Logical Core: 4
2023-06-20 14:09:19,001:INFO:Checking libraries
2023-06-20 14:09:19,001:INFO:System:
2023-06-20 14:09:19,001:INFO:    python: 3.10.6 (main, May 29 2023, 11:10:38) [GCC 11.3.0]
2023-06-20 14:09:19,001:INFO:executable: /bin/python3
2023-06-20 14:09:19,001:INFO:   machine: Linux-5.15.0-73-generic-x86_64-with-glibc2.35
2023-06-20 14:09:19,001:INFO:PyCaret required dependencies:
2023-06-20 14:09:19,001:INFO:                 pip: 22.0.2
2023-06-20 14:09:19,001:INFO:          setuptools: 59.6.0
2023-06-20 14:09:19,001:INFO:             pycaret: 3.0.2
2023-06-20 14:09:19,001:INFO:             IPython: 8.14.0
2023-06-20 14:09:19,001:INFO:          ipywidgets: 8.0.6
2023-06-20 14:09:19,001:INFO:                tqdm: 4.65.0
2023-06-20 14:09:19,001:INFO:               numpy: 1.23.5
2023-06-20 14:09:19,001:INFO:              pandas: 1.5.3
2023-06-20 14:09:19,001:INFO:              jinja2: 3.1.2
2023-06-20 14:09:19,001:INFO:               scipy: 1.10.1
2023-06-20 14:09:19,001:INFO:              joblib: 1.2.0
2023-06-20 14:09:19,001:INFO:             sklearn: 1.2.2
2023-06-20 14:09:19,001:INFO:                pyod: 1.0.9
2023-06-20 14:09:19,002:INFO:            imblearn: 0.10.1
2023-06-20 14:09:19,002:INFO:   category_encoders: 2.6.1
2023-06-20 14:09:19,002:INFO:            lightgbm: 3.3.5
2023-06-20 14:09:19,002:INFO:               numba: 0.57.0
2023-06-20 14:09:19,002:INFO:            requests: 2.25.1
2023-06-20 14:09:19,002:INFO:          matplotlib: 3.7.1
2023-06-20 14:09:19,002:INFO:          scikitplot: 0.3.7
2023-06-20 14:09:19,002:INFO:         yellowbrick: 1.5
2023-06-20 14:09:19,002:INFO:              plotly: 5.15.0
2023-06-20 14:09:19,002:INFO:             kaleido: 0.2.1
2023-06-20 14:09:19,002:INFO:         statsmodels: 0.14.0
2023-06-20 14:09:19,002:INFO:              sktime: 0.17.0
2023-06-20 14:09:19,002:INFO:               tbats: 1.1.3
2023-06-20 14:09:19,002:INFO:            pmdarima: 2.0.3
2023-06-20 14:09:19,002:INFO:              psutil: 5.9.0
2023-06-20 14:09:19,002:INFO:PyCaret optional dependencies:
2023-06-20 14:09:19,017:INFO:                shap: Not installed
2023-06-20 14:09:19,018:INFO:           interpret: Not installed
2023-06-20 14:09:19,018:INFO:                umap: Not installed
2023-06-20 14:09:19,018:INFO:    pandas_profiling: Not installed
2023-06-20 14:09:19,018:INFO:  explainerdashboard: Not installed
2023-06-20 14:09:19,018:INFO:             autoviz: Not installed
2023-06-20 14:09:19,018:INFO:           fairlearn: Not installed
2023-06-20 14:09:19,018:INFO:             xgboost: Not installed
2023-06-20 14:09:19,018:INFO:            catboost: Not installed
2023-06-20 14:09:19,018:INFO:              kmodes: Not installed
2023-06-20 14:09:19,018:INFO:             mlxtend: Not installed
2023-06-20 14:09:19,018:INFO:       statsforecast: Not installed
2023-06-20 14:09:19,018:INFO:        tune_sklearn: Not installed
2023-06-20 14:09:19,018:INFO:                 ray: Not installed
2023-06-20 14:09:19,018:INFO:            hyperopt: Not installed
2023-06-20 14:09:19,018:INFO:              optuna: Not installed
2023-06-20 14:09:19,018:INFO:               skopt: Not installed
2023-06-20 14:09:19,018:INFO:              mlflow: Not installed
2023-06-20 14:09:19,018:INFO:              gradio: Not installed
2023-06-20 14:09:19,018:INFO:             fastapi: Not installed
2023-06-20 14:09:19,018:INFO:             uvicorn: Not installed
2023-06-20 14:09:19,018:INFO:              m2cgen: Not installed
2023-06-20 14:09:19,018:INFO:           evidently: Not installed
2023-06-20 14:09:19,018:INFO:               fugue: Not installed
2023-06-20 14:09:19,018:INFO:           streamlit: Not installed
2023-06-20 14:09:19,018:INFO:             prophet: Not installed
2023-06-20 14:09:19,018:INFO:None
2023-06-20 14:09:19,019:INFO:Set up data.
2023-06-20 14:09:19,050:INFO:Set up train/test split.
2023-06-20 14:09:19,067:INFO:Set up index.
2023-06-20 14:09:19,068:INFO:Set up folding strategy.
2023-06-20 14:09:19,068:INFO:Assigning column types.
2023-06-20 14:09:19,077:INFO:Engine successfully changes for model 'lr' to 'sklearn'.
2023-06-20 14:09:19,118:INFO:Engine for model 'knn' has not been set explicitly, hence returning None.
2023-06-20 14:09:19,120:INFO:Engine for model 'rbfsvm' has not been set explicitly, hence returning None.
2023-06-20 14:09:19,150:WARNING:
'xgboost' is a soft dependency and not included in the pycaret installation. Please run: `pip install xgboost` to install.
Alternately, you can install this by running `pip install pycaret[models]`
2023-06-20 14:09:19,169:WARNING:
'catboost' is a soft dependency and not included in the pycaret installation. Please run: `pip install catboost` to install.
Alternately, you can install this by running `pip install pycaret[models]`
2023-06-20 14:09:19,218:INFO:Engine for model 'knn' has not been set explicitly, hence returning None.
2023-06-20 14:09:19,219:INFO:Engine for model 'rbfsvm' has not been set explicitly, hence returning None.
2023-06-20 14:09:19,247:WARNING:
'xgboost' is a soft dependency and not included in the pycaret installation. Please run: `pip install xgboost` to install.
Alternately, you can install this by running `pip install pycaret[models]`
2023-06-20 14:09:19,247:WARNING:
'catboost' is a soft dependency and not included in the pycaret installation. Please run: `pip install catboost` to install.
Alternately, you can install this by running `pip install pycaret[models]`
2023-06-20 14:09:19,248:INFO:Engine successfully changes for model 'knn' to 'sklearn'.
2023-06-20 14:09:19,292:INFO:Engine for model 'rbfsvm' has not been set explicitly, hence returning None.
2023-06-20 14:09:19,318:WARNING:
'xgboost' is a soft dependency and not included in the pycaret installation. Please run: `pip install xgboost` to install.
Alternately, you can install this by running `pip install pycaret[models]`
2023-06-20 14:09:19,318:WARNING:
'catboost' is a soft dependency and not included in the pycaret installation. Please run: `pip install catboost` to install.
Alternately, you can install this by running `pip install pycaret[models]`
2023-06-20 14:09:19,361:INFO:Engine for model 'rbfsvm' has not been set explicitly, hence returning None.
2023-06-20 14:09:19,390:WARNING:
'xgboost' is a soft dependency and not included in the pycaret installation. Please run: `pip install xgboost` to install.
Alternately, you can install this by running `pip install pycaret[models]`
2023-06-20 14:09:19,391:WARNING:
'catboost' is a soft dependency and not included in the pycaret installation. Please run: `pip install catboost` to install.
Alternately, you can install this by running `pip install pycaret[models]`
2023-06-20 14:09:19,391:INFO:Engine successfully changes for model 'rbfsvm' to 'sklearn'.
2023-06-20 14:09:19,463:WARNING:
'xgboost' is a soft dependency and not included in the pycaret installation. Please run: `pip install xgboost` to install.
Alternately, you can install this by running `pip install pycaret[models]`
2023-06-20 14:09:19,463:WARNING:
'catboost' is a soft dependency and not included in the pycaret installation. Please run: `pip install catboost` to install.
Alternately, you can install this by running `pip install pycaret[models]`
2023-06-20 14:09:19,571:WARNING:
'xgboost' is a soft dependency and not included in the pycaret installation. Please run: `pip install xgboost` to install.
Alternately, you can install this by running `pip install pycaret[models]`
2023-06-20 14:09:19,571:WARNING:
'catboost' is a soft dependency and not included in the pycaret installation. Please run: `pip install catboost` to install.
Alternately, you can install this by running `pip install pycaret[models]`
2023-06-20 14:09:19,574:INFO:Preparing preprocessing pipeline...
2023-06-20 14:09:19,577:INFO:Set up simple imputation.
2023-06-20 14:09:19,580:INFO:Set up column name cleaning.
2023-06-20 14:09:19,660:INFO:Finished creating preprocessing pipeline.
2023-06-20 14:09:19,673:INFO:Pipeline: Pipeline(memory=FastMemory(location=/tmp/joblib),
         steps=[('numerical_imputer',
                 TransformerWrapper(exclude=None,
                                    include=['abstrprd', 'livearea', 'finbsmnt',
                                             'basement', 'totunits', 'stories',
                                             'nocars', 'numbdrm', 'numbaths',
                                             'sprice', 'deduct', 'netprice',
                                             'tasp', 'smonth', 'syear',
                                             'condition_AVG', 'condition_Excel',
                                             'condition_Fair', 'condition_Good',
                                             'condition_VGood...
                 TransformerWrapper(exclude=None, include=[],
                                    transformer=SimpleImputer(add_indicator=False,
                                                              copy=True,
                                                              fill_value=None,
                                                              keep_empty_features=False,
                                                              missing_values=nan,
                                                              strategy='most_frequent',
                                                              verbose='deprecated'))),
                ('clean_column_names',
                 TransformerWrapper(exclude=None, include=None,
                                    transformer=CleanColumnNames(match='[\\]\\[\\,\\{\\}\\"\\:]+')))],
         verbose=False)
2023-06-20 14:09:19,673:INFO:Creating final display dataframe.
2023-06-20 14:09:19,968:INFO:Setup _display_container:                     Description             Value
0                    Session id              6581
1                        Target        before1980
2                   Target type            Binary
3           Original data shape       (22913, 49)
4        Transformed data shape       (22913, 49)
5   Transformed train set shape       (16039, 49)
6    Transformed test set shape        (6874, 49)
7              Numeric features                48
8                    Preprocess              True
9               Imputation type            simple
10           Numeric imputation              mean
11       Categorical imputation              mode
12               Fold Generator   StratifiedKFold
13                  Fold Number                10
14                     CPU Jobs                -1
15                      Use GPU             False
16               Log Experiment             False
17              Experiment Name  clf-default-name
18                          USI              5495
2023-06-20 14:09:20,044:WARNING:
'xgboost' is a soft dependency and not included in the pycaret installation. Please run: `pip install xgboost` to install.
Alternately, you can install this by running `pip install pycaret[models]`
2023-06-20 14:09:20,044:WARNING:
'catboost' is a soft dependency and not included in the pycaret installation. Please run: `pip install catboost` to install.
Alternately, you can install this by running `pip install pycaret[models]`
2023-06-20 14:09:20,118:WARNING:
'xgboost' is a soft dependency and not included in the pycaret installation. Please run: `pip install xgboost` to install.
Alternately, you can install this by running `pip install pycaret[models]`
2023-06-20 14:09:20,118:WARNING:
'catboost' is a soft dependency and not included in the pycaret installation. Please run: `pip install catboost` to install.
Alternately, you can install this by running `pip install pycaret[models]`
2023-06-20 14:09:20,118:INFO:setup() successfully completed in 1.12s...............
2023-06-20 14:09:20,119:INFO:Initializing create_model()
2023-06-20 14:09:20,119:INFO:create_model(self=<pycaret.classification.oop.ClassificationExperiment object at 0x7f1d4ff8d900>, estimator=rf, fold=None, round=4, cross_validation=True, predict=True, fit_kwargs=None, groups=None, refit=True, probability_threshold=None, experiment_custom_tags=None, verbose=True, system=True, add_to_model_list=True, metrics=None, display=None, model_only=True, return_train_score=False, kwargs={})
2023-06-20 14:09:20,119:INFO:Checking exceptions
2023-06-20 14:09:20,137:INFO:Importing libraries
2023-06-20 14:09:20,137:INFO:Copying training dataset
2023-06-20 14:09:20,152:INFO:Defining folds
2023-06-20 14:09:20,152:INFO:Declaring metric variables
2023-06-20 14:09:20,156:INFO:Importing untrained model
2023-06-20 14:09:20,160:INFO:Random Forest Classifier Imported successfully
2023-06-20 14:09:20,171:INFO:Starting cross validation
2023-06-20 14:09:20,173:INFO:Cross validating with StratifiedKFold(n_splits=10, random_state=None, shuffle=False), n_jobs=-1
2023-06-20 14:09:33,137:INFO:Calculating mean and std
2023-06-20 14:09:33,140:INFO:Creating metrics dataframe
2023-06-20 14:09:33,152:INFO:Finalizing model
2023-06-20 14:09:34,593:INFO:Uploading results into container
2023-06-20 14:09:34,596:INFO:Uploading model into container now
2023-06-20 14:09:34,612:INFO:_master_model_container: 1
2023-06-20 14:09:34,612:INFO:_display_container: 2
2023-06-20 14:09:34,613:INFO:RandomForestClassifier(bootstrap=True, ccp_alpha=0.0, class_weight=None,
                       criterion='gini', max_depth=None, max_features='sqrt',
                       max_leaf_nodes=None, max_samples=None,
                       min_impurity_decrease=0.0, min_samples_leaf=1,
                       min_samples_split=2, min_weight_fraction_leaf=0.0,
                       n_estimators=100, n_jobs=-1, oob_score=False,
                       random_state=6581, verbose=0, warm_start=False)
2023-06-20 14:09:34,613:INFO:create_model() successfully completed......................................
2023-06-20 14:09:34,822:INFO:Initializing plot_model()
2023-06-20 14:09:34,823:INFO:plot_model(plot=feature, fold=None, use_train_data=False, verbose=True, display=None, display_format=None, estimator=RandomForestClassifier(bootstrap=True, ccp_alpha=0.0, class_weight=None,
                       criterion='gini', max_depth=None, max_features='sqrt',
                       max_leaf_nodes=None, max_samples=None,
                       min_impurity_decrease=0.0, min_samples_leaf=1,
                       min_samples_split=2, min_weight_fraction_leaf=0.0,
                       n_estimators=100, n_jobs=-1, oob_score=False,
                       random_state=6581, verbose=0, warm_start=False), feature_name=None, fit_kwargs=None, groups=None, label=False, plot_kwargs=None, save=False, scale=1, self=<pycaret.classification.oop.ClassificationExperiment object at 0x7f1d4ff8d900>, system=True)
2023-06-20 14:09:34,823:INFO:Checking exceptions
2023-06-20 14:09:34,894:INFO:Preloading libraries
2023-06-20 14:09:34,947:INFO:Copying training dataset
2023-06-20 14:09:34,948:INFO:Plot type: feature
2023-06-20 14:09:34,949:WARNING:No coef_ found. Trying feature_importances_
2023-06-20 14:09:35,404:INFO:Visual Rendered Successfully
2023-06-20 14:09:35,490:INFO:plot_model() successfully completed......................................
2023-06-20 14:09:37,524:INFO:Initializing create_model()
2023-06-20 14:09:37,524:INFO:create_model(self=<pycaret.classification.oop.ClassificationExperiment object at 0x7f1d4ff8d900>, estimator=rf, fold=None, round=4, cross_validation=True, predict=True, fit_kwargs=None, groups=None, refit=True, probability_threshold=None, experiment_custom_tags=None, verbose=True, system=True, add_to_model_list=True, metrics=None, display=None, model_only=True, return_train_score=False, kwargs={})
2023-06-20 14:09:37,524:INFO:Checking exceptions
2023-06-20 14:09:37,545:INFO:Importing libraries
2023-06-20 14:09:37,546:INFO:Copying training dataset
2023-06-20 14:09:37,559:INFO:Defining folds
2023-06-20 14:09:37,559:INFO:Declaring metric variables
2023-06-20 14:09:37,564:INFO:Importing untrained model
2023-06-20 14:09:37,568:INFO:Random Forest Classifier Imported successfully
2023-06-20 14:09:37,574:INFO:Starting cross validation
2023-06-20 14:09:37,575:INFO:Cross validating with StratifiedKFold(n_splits=10, random_state=None, shuffle=False), n_jobs=-1
2023-06-20 14:09:39,659:WARNING:/usr/local/lib/python3.10/dist-packages/pycaret/internal/pipeline.py:319: UserWarning: Persisting input arguments took 0.66s to run.
If this happens often in your code, it can cause performance problems 
(results will be correct in all cases). 
The reason for this is probably some large input arguments for a wrapped
 function (e.g. large strings).
THIS IS A JOBLIB ISSUE. If you can, kindly provide the joblib's team with an
 example so that they can fix the problem.
  X, _ = self._memory_full_transform(self, X, None, with_final=False)

2023-06-20 14:09:41,168:INFO:Calculating mean and std
2023-06-20 14:09:41,172:INFO:Creating metrics dataframe
2023-06-20 14:09:41,187:INFO:Finalizing model
2023-06-20 14:09:41,334:INFO:Uploading results into container
2023-06-20 14:09:41,336:INFO:Uploading model into container now
2023-06-20 14:09:41,350:INFO:_master_model_container: 2
2023-06-20 14:09:41,350:INFO:_display_container: 3
2023-06-20 14:09:41,351:INFO:RandomForestClassifier(bootstrap=True, ccp_alpha=0.0, class_weight=None,
                       criterion='gini', max_depth=None, max_features='sqrt',
                       max_leaf_nodes=None, max_samples=None,
                       min_impurity_decrease=0.0, min_samples_leaf=1,
                       min_samples_split=2, min_weight_fraction_leaf=0.0,
                       n_estimators=100, n_jobs=-1, oob_score=False,
                       random_state=6581, verbose=0, warm_start=False)
2023-06-20 14:09:41,351:INFO:create_model() successfully completed......................................
